info it worked if it ends with ok
verbose cli [ 'C:\\Program Files (x86)\\nodejs\\\\node.exe',
verbose cli   'C:\\Program Files (x86)\\nodejs\\node_modules\\npm\\bin\\npm-cli.js',
verbose cli   'install' ]
info using npm@1.1.0-3
info using node@v0.6.9
verbose config file C:\Users\Marcos\.npmrc
verbose config file C:\Program Files (x86)\nodejs\etc\npmrc
verbose config file C:\Program Files (x86)\nodejs\node_modules\npm\npmrc
verbose mkdir done: C:\Users\Marcos\AppData\Roaming\npm 755
verbose mkdir done: C:\Users\Marcos\Desktop\dev\new_assinelive.com.br 755
ERR! Couldn't read dependencies.
ERR! Error: No 'name' field found in package.json
ERR!     at C:\Program Files (x86)\nodejs\node_modules\npm\lib\utils\read-json.js:221:13
ERR!     at C:\Program Files (x86)\nodejs\node_modules\npm\lib\utils\read-json.js:134:32
ERR!     at P (C:\Program Files (x86)\nodejs\node_modules\npm\lib\utils\read-json.js:110:40)
ERR!     at [object Object].<anonymous> (fs.js:115:5)
ERR!     at [object Object].emit (events.js:64:17)
ERR!     at afterRead (fs.js:1111:12)
ERR!     at Object.wrapper [as oncomplete] (fs.js:254:17)
ERR! You may report this log at:
ERR!     <http://github.com/isaacs/npm/issues>
ERR! or email it to:
ERR!     <npm-@googlegroups.com>
ERR! 
ERR! System Windows_NT 6.2.9200
ERR! command "C:\\Program Files (x86)\\nodejs\\\\node.exe" "C:\\Program Files (x86)\\nodejs\\node_modules\\npm\\bin\\npm-cli.js" "install"
ERR! cwd C:\Users\Marcos\Desktop\dev\new_assinelive.com.br
ERR! node -v v0.6.9
ERR! npm -v 1.1.0-3
ERR! message No 'name' field found in package.json
verbose exit [ 1, true ]
